2019/08/26 20:10:09 [INFO] Terraform version: 0.11.14  
2019/08/26 20:10:09 [INFO] Go runtime version: go1.12.4
2019/08/26 20:10:09 [INFO] CLI args: []string{"/home/victor/bin/terraform", "import", "azurerm_cosmosdb_account.messages-db", "/subscriptions/82335853-1dbc-430e-92ef-855115d734f3/resourceGroups/chat-app/providers/Microsoft.DocumentDB/databaseAccounts/chat-app-account"}
2019/08/26 20:10:09 [DEBUG] Attempting to open CLI config file: /home/victor/.terraformrc
2019/08/26 20:10:09 [DEBUG] File doesn't exist, but doesn't need to. Ignoring.
2019/08/26 20:10:09 [INFO] CLI command args: []string{"import", "azurerm_cosmosdb_account.messages-db", "/subscriptions/82335853-1dbc-430e-92ef-855115d734f3/resourceGroups/chat-app/providers/Microsoft.DocumentDB/databaseAccounts/chat-app-account"}
2019/08/26 20:10:09 [INFO] command: empty terraform config, returning nil
2019/08/26 20:10:09 [DEBUG] command: no data state file found for backend config
2019/08/26 20:10:09 [DEBUG] New state was assigned lineage "89c832a8-e18d-d64f-afa1-2cb2d50efbf7"
2019/08/26 20:10:09 [INFO] command: backend initialized: <nil>
2019/08/26 20:10:09 [DEBUG] checking for provider in "."
2019/08/26 20:10:09 [DEBUG] checking for provider in "/home/victor/bin"
2019/08/26 20:10:09 [DEBUG] checking for provider in ".terraform/plugins/linux_amd64"
2019/08/26 20:10:09 [DEBUG] found provider "terraform-provider-azurerm_v1.33.0_x4"
2019/08/26 20:10:09 [DEBUG] found valid plugin: "azurerm", "1.33.0", "/home/victor/Projects/C#/simple-chat-app/infra/.terraform/plugins/linux_amd64/terraform-provider-azurerm_v1.33.0_x4"
2019/08/26 20:10:09 [DEBUG] checking for provisioner in "."
2019/08/26 20:10:09 [DEBUG] checking for provisioner in "/home/victor/bin"
2019/08/26 20:10:09 [DEBUG] checking for provisioner in ".terraform/plugins/linux_amd64"
2019/08/26 20:10:09 [INFO] command: backend <nil> is not enhanced, wrapping in local
2019/08/26 20:10:09 [TRACE] Preserving existing state lineage "1a831bcb-dbab-ef97-0cbf-63267394951e"
2019/08/26 20:10:09 [TRACE] Preserving existing state lineage "1a831bcb-dbab-ef97-0cbf-63267394951e"
2019/08/26 20:10:09 [TRACE] ConfigTransformer: Starting for path: []
2019/08/26 20:10:09 [TRACE] Graph after step *terraform.ConfigTransformer:

azurerm_container_registry.acr - *terraform.NodeAbstractResource
azurerm_cosmosdb_account.messages-db - *terraform.NodeAbstractResource
azurerm_resource_group.chat-app - *terraform.NodeAbstractResource
azurerm_service_fabric_cluster.chat-app - *terraform.NodeAbstractResource
azurerm_servicebus_namespace.chat-app - *terraform.NodeAbstractResource
azurerm_servicebus_subscription.chat-app - *terraform.NodeAbstractResource
azurerm_servicebus_topic.chat-app - *terraform.NodeAbstractResource
azurerm_sql_database.chat-app - *terraform.NodeAbstractResource
azurerm_sql_server.chat-app - *terraform.NodeAbstractResource
azurerm_virtual_network.chat-app - *terraform.NodeAbstractResource
2019/08/26 20:10:09 [TRACE] Graph after step *terraform.ImportStateTransformer:

azurerm_container_registry.acr - *terraform.NodeAbstractResource
azurerm_cosmosdb_account.messages-db - *terraform.NodeAbstractResource
azurerm_cosmosdb_account.messages-db (import id: /subscriptions/82335853-1dbc-430e-92ef-855115d734f3/resourceGroups/chat-app/providers/Microsoft.DocumentDB/databaseAccounts/chat-app-account) - *terraform.graphNodeImportState
azurerm_resource_group.chat-app - *terraform.NodeAbstractResource
azurerm_service_fabric_cluster.chat-app - *terraform.NodeAbstractResource
azurerm_servicebus_namespace.chat-app - *terraform.NodeAbstractResource
azurerm_servicebus_subscription.chat-app - *terraform.NodeAbstractResource
azurerm_servicebus_topic.chat-app - *terraform.NodeAbstractResource
azurerm_sql_database.chat-app - *terraform.NodeAbstractResource
azurerm_sql_server.chat-app - *terraform.NodeAbstractResource
azurerm_virtual_network.chat-app - *terraform.NodeAbstractResource
2019/08/26 20:10:09 [TRACE] ProviderConfigTransformer: Starting for path: []
2019/08/26 20:10:09 [TRACE] Attach provider request: []string{} azurerm
2019/08/26 20:10:09 [TRACE] Attaching provider config: *config.ProviderConfig{Name:"azurerm", Alias:"", Version:"1.33.0", RawConfig:(*config.RawConfig)(0xc0003b1ea0)}
2019/08/26 20:10:09 [TRACE] Graph after step *terraform.ProviderConfigTransformer:

azurerm_container_registry.acr - *terraform.NodeAbstractResource
azurerm_cosmosdb_account.messages-db - *terraform.NodeAbstractResource
azurerm_cosmosdb_account.messages-db (import id: /subscriptions/82335853-1dbc-430e-92ef-855115d734f3/resourceGroups/chat-app/providers/Microsoft.DocumentDB/databaseAccounts/chat-app-account) - *terraform.graphNodeImportState
azurerm_resource_group.chat-app - *terraform.NodeAbstractResource
azurerm_service_fabric_cluster.chat-app - *terraform.NodeAbstractResource
azurerm_servicebus_namespace.chat-app - *terraform.NodeAbstractResource
azurerm_servicebus_subscription.chat-app - *terraform.NodeAbstractResource
azurerm_servicebus_topic.chat-app - *terraform.NodeAbstractResource
azurerm_sql_database.chat-app - *terraform.NodeAbstractResource
azurerm_sql_server.chat-app - *terraform.NodeAbstractResource
azurerm_virtual_network.chat-app - *terraform.NodeAbstractResource
provider.azurerm - *terraform.NodeApplyableProvider
2019/08/26 20:10:09 [TRACE] Graph after step *terraform.MissingProviderTransformer:

azurerm_container_registry.acr - *terraform.NodeAbstractResource
azurerm_cosmosdb_account.messages-db - *terraform.NodeAbstractResource
azurerm_cosmosdb_account.messages-db (import id: /subscriptions/82335853-1dbc-430e-92ef-855115d734f3/resourceGroups/chat-app/providers/Microsoft.DocumentDB/databaseAccounts/chat-app-account) - *terraform.graphNodeImportState
azurerm_resource_group.chat-app - *terraform.NodeAbstractResource
azurerm_service_fabric_cluster.chat-app - *terraform.NodeAbstractResource
azurerm_servicebus_namespace.chat-app - *terraform.NodeAbstractResource
azurerm_servicebus_subscription.chat-app - *terraform.NodeAbstractResource
azurerm_servicebus_topic.chat-app - *terraform.NodeAbstractResource
azurerm_sql_database.chat-app - *terraform.NodeAbstractResource
azurerm_sql_server.chat-app - *terraform.NodeAbstractResource
azurerm_virtual_network.chat-app - *terraform.NodeAbstractResource
provider.azurerm - *terraform.NodeApplyableProvider
2019/08/26 20:10:09 [DEBUG] resource azurerm_sql_database.chat-app using provider provider.azurerm
2019/08/26 20:10:09 [DEBUG] resource azurerm_cosmosdb_account.messages-db (import id: /subscriptions/82335853-1dbc-430e-92ef-855115d734f3/resourceGroups/chat-app/providers/Microsoft.DocumentDB/databaseAccounts/chat-app-account) using provider provider.azurerm
2019/08/26 20:10:09 [DEBUG] resource azurerm_servicebus_topic.chat-app using provider provider.azurerm
2019/08/26 20:10:09 [DEBUG] resource azurerm_servicebus_namespace.chat-app using provider provider.azurerm
2019/08/26 20:10:09 [DEBUG] resource azurerm_service_fabric_cluster.chat-app using provider provider.azurerm
2019/08/26 20:10:09 [DEBUG] resource azurerm_sql_server.chat-app using provider provider.azurerm
2019/08/26 20:10:09 [DEBUG] resource azurerm_resource_group.chat-app using provider provider.azurerm
2019/08/26 20:10:09 [DEBUG] resource azurerm_servicebus_subscription.chat-app using provider provider.azurerm
2019/08/26 20:10:09 [DEBUG] resource azurerm_container_registry.acr using provider provider.azurerm
2019/08/26 20:10:09 [DEBUG] resource azurerm_cosmosdb_account.messages-db using provider provider.azurerm
2019/08/26 20:10:09 [DEBUG] resource azurerm_virtual_network.chat-app using provider provider.azurerm
2019/08/26 20:10:09 [TRACE] Graph after step *terraform.ProviderTransformer:

azurerm_container_registry.acr - *terraform.NodeAbstractResource
  provider.azurerm - *terraform.NodeApplyableProvider
azurerm_cosmosdb_account.messages-db - *terraform.NodeAbstractResource
  provider.azurerm - *terraform.NodeApplyableProvider
azurerm_cosmosdb_account.messages-db (import id: /subscriptions/82335853-1dbc-430e-92ef-855115d734f3/resourceGroups/chat-app/providers/Microsoft.DocumentDB/databaseAccounts/chat-app-account) - *terraform.graphNodeImportState
  provider.azurerm - *terraform.NodeApplyableProvider
azurerm_resource_group.chat-app - *terraform.NodeAbstractResource
  provider.azurerm - *terraform.NodeApplyableProvider
azurerm_service_fabric_cluster.chat-app - *terraform.NodeAbstractResource
  provider.azurerm - *terraform.NodeApplyableProvider
azurerm_servicebus_namespace.chat-app - *terraform.NodeAbstractResource
  provider.azurerm - *terraform.NodeApplyableProvider
azurerm_servicebus_subscription.chat-app - *terraform.NodeAbstractResource
  provider.azurerm - *terraform.NodeApplyableProvider
azurerm_servicebus_topic.chat-app - *terraform.NodeAbstractResource
  provider.azurerm - *terraform.NodeApplyableProvider
azurerm_sql_database.chat-app - *terraform.NodeAbstractResource
  provider.azurerm - *terraform.NodeApplyableProvider
azurerm_sql_server.chat-app - *terraform.NodeAbstractResource
  provider.azurerm - *terraform.NodeApplyableProvider
azurerm_virtual_network.chat-app - *terraform.NodeAbstractResource
  provider.azurerm - *terraform.NodeApplyableProvider
provider.azurerm - *terraform.NodeApplyableProvider
2019/08/26 20:10:09 [TRACE] Graph after step *terraform.PruneProviderTransformer:

azurerm_container_registry.acr - *terraform.NodeAbstractResource
  provider.azurerm - *terraform.NodeApplyableProvider
azurerm_cosmosdb_account.messages-db - *terraform.NodeAbstractResource
  provider.azurerm - *terraform.NodeApplyableProvider
azurerm_cosmosdb_account.messages-db (import id: /subscriptions/82335853-1dbc-430e-92ef-855115d734f3/resourceGroups/chat-app/providers/Microsoft.DocumentDB/databaseAccounts/chat-app-account) - *terraform.graphNodeImportState
  provider.azurerm - *terraform.NodeApplyableProvider
azurerm_resource_group.chat-app - *terraform.NodeAbstractResource
  provider.azurerm - *terraform.NodeApplyableProvider
azurerm_service_fabric_cluster.chat-app - *terraform.NodeAbstractResource
  provider.azurerm - *terraform.NodeApplyableProvider
azurerm_servicebus_namespace.chat-app - *terraform.NodeAbstractResource
  provider.azurerm - *terraform.NodeApplyableProvider
azurerm_servicebus_subscription.chat-app - *terraform.NodeAbstractResource
  provider.azurerm - *terraform.NodeApplyableProvider
azurerm_servicebus_topic.chat-app - *terraform.NodeAbstractResource
  provider.azurerm - *terraform.NodeApplyableProvider
azurerm_sql_database.chat-app - *terraform.NodeAbstractResource
  provider.azurerm - *terraform.NodeApplyableProvider
azurerm_sql_server.chat-app - *terraform.NodeAbstractResource
  provider.azurerm - *terraform.NodeApplyableProvider
azurerm_virtual_network.chat-app - *terraform.NodeAbstractResource
  provider.azurerm - *terraform.NodeApplyableProvider
provider.azurerm - *terraform.NodeApplyableProvider
2019/08/26 20:10:09 [TRACE] Graph after step *terraform.ParentProviderTransformer:

azurerm_container_registry.acr - *terraform.NodeAbstractResource
  provider.azurerm - *terraform.NodeApplyableProvider
azurerm_cosmosdb_account.messages-db - *terraform.NodeAbstractResource
  provider.azurerm - *terraform.NodeApplyableProvider
azurerm_cosmosdb_account.messages-db (import id: /subscriptions/82335853-1dbc-430e-92ef-855115d734f3/resourceGroups/chat-app/providers/Microsoft.DocumentDB/databaseAccounts/chat-app-account) - *terraform.graphNodeImportState
  provider.azurerm - *terraform.NodeApplyableProvider
azurerm_resource_group.chat-app - *terraform.NodeAbstractResource
  provider.azurerm - *terraform.NodeApplyableProvider
azurerm_service_fabric_cluster.chat-app - *terraform.NodeAbstractResource
  provider.azurerm - *terraform.NodeApplyableProvider
azurerm_servicebus_namespace.chat-app - *terraform.NodeAbstractResource
  provider.azurerm - *terraform.NodeApplyableProvider
azurerm_servicebus_subscription.chat-app - *terraform.NodeAbstractResource
  provider.azurerm - *terraform.NodeApplyableProvider
azurerm_servicebus_topic.chat-app - *terraform.NodeAbstractResource
  provider.azurerm - *terraform.NodeApplyableProvider
azurerm_sql_database.chat-app - *terraform.NodeAbstractResource
  provider.azurerm - *terraform.NodeApplyableProvider
azurerm_sql_server.chat-app - *terraform.NodeAbstractResource
  provider.azurerm - *terraform.NodeApplyableProvider
azurerm_virtual_network.chat-app - *terraform.NodeAbstractResource
  provider.azurerm - *terraform.NodeApplyableProvider
provider.azurerm - *terraform.NodeApplyableProvider
2019/08/26 20:10:09 [TRACE] Graph after step *terraform.graphTransformerMulti:

azurerm_container_registry.acr - *terraform.NodeAbstractResource
  provider.azurerm - *terraform.NodeApplyableProvider
azurerm_cosmosdb_account.messages-db - *terraform.NodeAbstractResource
  provider.azurerm - *terraform.NodeApplyableProvider
azurerm_cosmosdb_account.messages-db (import id: /subscriptions/82335853-1dbc-430e-92ef-855115d734f3/resourceGroups/chat-app/providers/Microsoft.DocumentDB/databaseAccounts/chat-app-account) - *terraform.graphNodeImportState
  provider.azurerm - *terraform.NodeApplyableProvider
azurerm_resource_group.chat-app - *terraform.NodeAbstractResource
  provider.azurerm - *terraform.NodeApplyableProvider
azurerm_service_fabric_cluster.chat-app - *terraform.NodeAbstractResource
  provider.azurerm - *terraform.NodeApplyableProvider
azurerm_servicebus_namespace.chat-app - *terraform.NodeAbstractResource
  provider.azurerm - *terraform.NodeApplyableProvider
azurerm_servicebus_subscription.chat-app - *terraform.NodeAbstractResource
  provider.azurerm - *terraform.NodeApplyableProvider
azurerm_servicebus_topic.chat-app - *terraform.NodeAbstractResource
  provider.azurerm - *terraform.NodeApplyableProvider
azurerm_sql_database.chat-app - *terraform.NodeAbstractResource
  provider.azurerm - *terraform.NodeApplyableProvider
azurerm_sql_server.chat-app - *terraform.NodeAbstractResource
  provider.azurerm - *terraform.NodeApplyableProvider
azurerm_virtual_network.chat-app - *terraform.NodeAbstractResource
  provider.azurerm - *terraform.NodeApplyableProvider
provider.azurerm - *terraform.NodeApplyableProvider
2019/08/26 20:10:09 [TRACE] Graph after step *terraform.ImportProviderValidateTransformer:

azurerm_container_registry.acr - *terraform.NodeAbstractResource
  provider.azurerm - *terraform.NodeApplyableProvider
azurerm_cosmosdb_account.messages-db - *terraform.NodeAbstractResource
  provider.azurerm - *terraform.NodeApplyableProvider
azurerm_cosmosdb_account.messages-db (import id: /subscriptions/82335853-1dbc-430e-92ef-855115d734f3/resourceGroups/chat-app/providers/Microsoft.DocumentDB/databaseAccounts/chat-app-account) - *terraform.graphNodeImportState
  provider.azurerm - *terraform.NodeApplyableProvider
azurerm_resource_group.chat-app - *terraform.NodeAbstractResource
  provider.azurerm - *terraform.NodeApplyableProvider
azurerm_service_fabric_cluster.chat-app - *terraform.NodeAbstractResource
  provider.azurerm - *terraform.NodeApplyableProvider
azurerm_servicebus_namespace.chat-app - *terraform.NodeAbstractResource
  provider.azurerm - *terraform.NodeApplyableProvider
azurerm_servicebus_subscription.chat-app - *terraform.NodeAbstractResource
  provider.azurerm - *terraform.NodeApplyableProvider
azurerm_servicebus_topic.chat-app - *terraform.NodeAbstractResource
  provider.azurerm - *terraform.NodeApplyableProvider
azurerm_sql_database.chat-app - *terraform.NodeAbstractResource
  provider.azurerm - *terraform.NodeApplyableProvider
azurerm_sql_server.chat-app - *terraform.NodeAbstractResource
  provider.azurerm - *terraform.NodeApplyableProvider
azurerm_virtual_network.chat-app - *terraform.NodeAbstractResource
  provider.azurerm - *terraform.NodeApplyableProvider
provider.azurerm - *terraform.NodeApplyableProvider
2019/08/26 20:10:09 [TRACE] Graph after step *terraform.CloseProviderTransformer:

azurerm_container_registry.acr - *terraform.NodeAbstractResource
  provider.azurerm - *terraform.NodeApplyableProvider
azurerm_cosmosdb_account.messages-db - *terraform.NodeAbstractResource
  provider.azurerm - *terraform.NodeApplyableProvider
azurerm_cosmosdb_account.messages-db (import id: /subscriptions/82335853-1dbc-430e-92ef-855115d734f3/resourceGroups/chat-app/providers/Microsoft.DocumentDB/databaseAccounts/chat-app-account) - *terraform.graphNodeImportState
  provider.azurerm - *terraform.NodeApplyableProvider
azurerm_resource_group.chat-app - *terraform.NodeAbstractResource
  provider.azurerm - *terraform.NodeApplyableProvider
azurerm_service_fabric_cluster.chat-app - *terraform.NodeAbstractResource
  provider.azurerm - *terraform.NodeApplyableProvider
azurerm_servicebus_namespace.chat-app - *terraform.NodeAbstractResource
  provider.azurerm - *terraform.NodeApplyableProvider
azurerm_servicebus_subscription.chat-app - *terraform.NodeAbstractResource
  provider.azurerm - *terraform.NodeApplyableProvider
azurerm_servicebus_topic.chat-app - *terraform.NodeAbstractResource
  provider.azurerm - *terraform.NodeApplyableProvider
azurerm_sql_database.chat-app - *terraform.NodeAbstractResource
  provider.azurerm - *terraform.NodeApplyableProvider
azurerm_sql_server.chat-app - *terraform.NodeAbstractResource
  provider.azurerm - *terraform.NodeApplyableProvider
azurerm_virtual_network.chat-app - *terraform.NodeAbstractResource
  provider.azurerm - *terraform.NodeApplyableProvider
provider.azurerm - *terraform.NodeApplyableProvider
provider.azurerm (close) - *terraform.graphNodeCloseProvider
  azurerm_container_registry.acr - *terraform.NodeAbstractResource
  azurerm_cosmosdb_account.messages-db - *terraform.NodeAbstractResource
  azurerm_cosmosdb_account.messages-db (import id: /subscriptions/82335853-1dbc-430e-92ef-855115d734f3/resourceGroups/chat-app/providers/Microsoft.DocumentDB/databaseAccounts/chat-app-account) - *terraform.graphNodeImportState
  azurerm_resource_group.chat-app - *terraform.NodeAbstractResource
  azurerm_service_fabric_cluster.chat-app - *terraform.NodeAbstractResource
  azurerm_servicebus_namespace.chat-app - *terraform.NodeAbstractResource
  azurerm_servicebus_subscription.chat-app - *terraform.NodeAbstractResource
  azurerm_servicebus_topic.chat-app - *terraform.NodeAbstractResource
  azurerm_sql_database.chat-app - *terraform.NodeAbstractResource
  azurerm_sql_server.chat-app - *terraform.NodeAbstractResource
  azurerm_virtual_network.chat-app - *terraform.NodeAbstractResource
  provider.azurerm - *terraform.NodeApplyableProvider
2019/08/26 20:10:09 [TRACE] Graph after step *terraform.RootTransformer:

azurerm_container_registry.acr - *terraform.NodeAbstractResource
  provider.azurerm - *terraform.NodeApplyableProvider
azurerm_cosmosdb_account.messages-db - *terraform.NodeAbstractResource
  provider.azurerm - *terraform.NodeApplyableProvider
azurerm_cosmosdb_account.messages-db (import id: /subscriptions/82335853-1dbc-430e-92ef-855115d734f3/resourceGroups/chat-app/providers/Microsoft.DocumentDB/databaseAccounts/chat-app-account) - *terraform.graphNodeImportState
  provider.azurerm - *terraform.NodeApplyableProvider
azurerm_resource_group.chat-app - *terraform.NodeAbstractResource
  provider.azurerm - *terraform.NodeApplyableProvider
azurerm_service_fabric_cluster.chat-app - *terraform.NodeAbstractResource
  provider.azurerm - *terraform.NodeApplyableProvider
azurerm_servicebus_namespace.chat-app - *terraform.NodeAbstractResource
  provider.azurerm - *terraform.NodeApplyableProvider
azurerm_servicebus_subscription.chat-app - *terraform.NodeAbstractResource
  provider.azurerm - *terraform.NodeApplyableProvider
azurerm_servicebus_topic.chat-app - *terraform.NodeAbstractResource
  provider.azurerm - *terraform.NodeApplyableProvider
azurerm_sql_database.chat-app - *terraform.NodeAbstractResource
  provider.azurerm - *terraform.NodeApplyableProvider
azurerm_sql_server.chat-app - *terraform.NodeAbstractResource
  provider.azurerm - *terraform.NodeApplyableProvider
azurerm_virtual_network.chat-app - *terraform.NodeAbstractResource
  provider.azurerm - *terraform.NodeApplyableProvider
provider.azurerm - *terraform.NodeApplyableProvider
provider.azurerm (close) - *terraform.graphNodeCloseProvider
  azurerm_container_registry.acr - *terraform.NodeAbstractResource
  azurerm_cosmosdb_account.messages-db - *terraform.NodeAbstractResource
  azurerm_cosmosdb_account.messages-db (import id: /subscriptions/82335853-1dbc-430e-92ef-855115d734f3/resourceGroups/chat-app/providers/Microsoft.DocumentDB/databaseAccounts/chat-app-account) - *terraform.graphNodeImportState
  azurerm_resource_group.chat-app - *terraform.NodeAbstractResource
  azurerm_service_fabric_cluster.chat-app - *terraform.NodeAbstractResource
  azurerm_servicebus_namespace.chat-app - *terraform.NodeAbstractResource
  azurerm_servicebus_subscription.chat-app - *terraform.NodeAbstractResource
  azurerm_servicebus_topic.chat-app - *terraform.NodeAbstractResource
  azurerm_sql_database.chat-app - *terraform.NodeAbstractResource
  azurerm_sql_server.chat-app - *terraform.NodeAbstractResource
  azurerm_virtual_network.chat-app - *terraform.NodeAbstractResource
  provider.azurerm - *terraform.NodeApplyableProvider
2019/08/26 20:10:09 [TRACE] Graph after step *terraform.TransitiveReductionTransformer:

azurerm_container_registry.acr - *terraform.NodeAbstractResource
  provider.azurerm - *terraform.NodeApplyableProvider
azurerm_cosmosdb_account.messages-db - *terraform.NodeAbstractResource
  provider.azurerm - *terraform.NodeApplyableProvider
azurerm_cosmosdb_account.messages-db (import id: /subscriptions/82335853-1dbc-430e-92ef-855115d734f3/resourceGroups/chat-app/providers/Microsoft.DocumentDB/databaseAccounts/chat-app-account) - *terraform.graphNodeImportState
  provider.azurerm - *terraform.NodeApplyableProvider
azurerm_resource_group.chat-app - *terraform.NodeAbstractResource
  provider.azurerm - *terraform.NodeApplyableProvider
azurerm_service_fabric_cluster.chat-app - *terraform.NodeAbstractResource
  provider.azurerm - *terraform.NodeApplyableProvider
azurerm_servicebus_namespace.chat-app - *terraform.NodeAbstractResource
  provider.azurerm - *terraform.NodeApplyableProvider
azurerm_servicebus_subscription.chat-app - *terraform.NodeAbstractResource
  provider.azurerm - *terraform.NodeApplyableProvider
azurerm_servicebus_topic.chat-app - *terraform.NodeAbstractResource
  provider.azurerm - *terraform.NodeApplyableProvider
azurerm_sql_database.chat-app - *terraform.NodeAbstractResource
  provider.azurerm - *terraform.NodeApplyableProvider
azurerm_sql_server.chat-app - *terraform.NodeAbstractResource
  provider.azurerm - *terraform.NodeApplyableProvider
azurerm_virtual_network.chat-app - *terraform.NodeAbstractResource
  provider.azurerm - *terraform.NodeApplyableProvider
provider.azurerm - *terraform.NodeApplyableProvider
provider.azurerm (close) - *terraform.graphNodeCloseProvider
  azurerm_container_registry.acr - *terraform.NodeAbstractResource
  azurerm_cosmosdb_account.messages-db - *terraform.NodeAbstractResource
  azurerm_cosmosdb_account.messages-db (import id: /subscriptions/82335853-1dbc-430e-92ef-855115d734f3/resourceGroups/chat-app/providers/Microsoft.DocumentDB/databaseAccounts/chat-app-account) - *terraform.graphNodeImportState
  azurerm_resource_group.chat-app - *terraform.NodeAbstractResource
  azurerm_service_fabric_cluster.chat-app - *terraform.NodeAbstractResource
  azurerm_servicebus_namespace.chat-app - *terraform.NodeAbstractResource
  azurerm_servicebus_subscription.chat-app - *terraform.NodeAbstractResource
  azurerm_servicebus_topic.chat-app - *terraform.NodeAbstractResource
  azurerm_sql_database.chat-app - *terraform.NodeAbstractResource
  azurerm_sql_server.chat-app - *terraform.NodeAbstractResource
  azurerm_virtual_network.chat-app - *terraform.NodeAbstractResource
2019/08/26 20:10:09 [DEBUG] Starting graph walk: walkImport
2019/08/26 20:10:09 [TRACE] dag/walk: added new vertex: "provider.azurerm (close)"
2019/08/26 20:10:09 [TRACE] dag/walk: added new vertex: "azurerm_cosmosdb_account.messages-db"
2019/08/26 20:10:09 [TRACE] dag/walk: added new vertex: "azurerm_sql_server.chat-app"
2019/08/26 20:10:09 [TRACE] dag/walk: added new vertex: "azurerm_servicebus_topic.chat-app"
2019/08/26 20:10:09 [TRACE] dag/walk: added new vertex: "azurerm_virtual_network.chat-app"
2019/08/26 20:10:09 [TRACE] dag/walk: added new vertex: "azurerm_resource_group.chat-app"
2019/08/26 20:10:09 [TRACE] dag/walk: added new vertex: "provider.azurerm"
2019/08/26 20:10:09 [TRACE] dag/walk: added new vertex: "azurerm_container_registry.acr"
2019/08/26 20:10:09 [TRACE] dag/walk: added new vertex: "azurerm_sql_database.chat-app"
2019/08/26 20:10:09 [TRACE] dag/walk: added new vertex: "azurerm_cosmosdb_account.messages-db (import id: /subscriptions/82335853-1dbc-430e-92ef-855115d734f3/resourceGroups/chat-app/providers/Microsoft.DocumentDB/databaseAccounts/chat-app-account)"
2019/08/26 20:10:09 [TRACE] dag/walk: added new vertex: "azurerm_servicebus_namespace.chat-app"
2019/08/26 20:10:09 [TRACE] dag/walk: added new vertex: "azurerm_service_fabric_cluster.chat-app"
2019/08/26 20:10:09 [TRACE] dag/walk: added new vertex: "azurerm_servicebus_subscription.chat-app"
2019/08/26 20:10:09 [TRACE] dag/walk: added edge: "provider.azurerm (close)" waiting on "azurerm_virtual_network.chat-app"
2019/08/26 20:10:09 [TRACE] dag/walk: added edge: "azurerm_servicebus_topic.chat-app" waiting on "provider.azurerm"
2019/08/26 20:10:09 [TRACE] dag/walk: added edge: "provider.azurerm (close)" waiting on "azurerm_servicebus_topic.chat-app"
2019/08/26 20:10:09 [TRACE] dag/walk: added edge: "azurerm_servicebus_subscription.chat-app" waiting on "provider.azurerm"
2019/08/26 20:10:09 [TRACE] dag/walk: added edge: "azurerm_resource_group.chat-app" waiting on "provider.azurerm"
2019/08/26 20:10:09 [TRACE] dag/walk: added edge: "provider.azurerm (close)" waiting on "azurerm_servicebus_namespace.chat-app"
2019/08/26 20:10:09 [TRACE] dag/walk: added edge: "provider.azurerm (close)" waiting on "azurerm_sql_server.chat-app"
2019/08/26 20:10:09 [TRACE] dag/walk: added edge: "provider.azurerm (close)" waiting on "azurerm_container_registry.acr"
2019/08/26 20:10:09 [TRACE] dag/walk: added edge: "azurerm_sql_server.chat-app" waiting on "provider.azurerm"
2019/08/26 20:10:09 [TRACE] dag/walk: added edge: "provider.azurerm (close)" waiting on "azurerm_service_fabric_cluster.chat-app"
2019/08/26 20:10:09 [TRACE] dag/walk: added edge: "azurerm_sql_database.chat-app" waiting on "provider.azurerm"
2019/08/26 20:10:09 [TRACE] dag/walk: added edge: "azurerm_container_registry.acr" waiting on "provider.azurerm"
2019/08/26 20:10:09 [TRACE] dag/walk: added edge: "azurerm_service_fabric_cluster.chat-app" waiting on "provider.azurerm"
2019/08/26 20:10:09 [TRACE] dag/walk: added edge: "provider.azurerm (close)" waiting on "azurerm_cosmosdb_account.messages-db (import id: /subscriptions/82335853-1dbc-430e-92ef-855115d734f3/resourceGroups/chat-app/providers/Microsoft.DocumentDB/databaseAccounts/chat-app-account)"
2019/08/26 20:10:09 [TRACE] dag/walk: added edge: "provider.azurerm (close)" waiting on "azurerm_resource_group.chat-app"
2019/08/26 20:10:09 [TRACE] dag/walk: added edge: "provider.azurerm (close)" waiting on "azurerm_sql_database.chat-app"
2019/08/26 20:10:09 [TRACE] dag/walk: added edge: "provider.azurerm (close)" waiting on "azurerm_cosmosdb_account.messages-db"
2019/08/26 20:10:09 [TRACE] dag/walk: added edge: "azurerm_virtual_network.chat-app" waiting on "provider.azurerm"
2019/08/26 20:10:09 [TRACE] dag/walk: added edge: "azurerm_cosmosdb_account.messages-db (import id: /subscriptions/82335853-1dbc-430e-92ef-855115d734f3/resourceGroups/chat-app/providers/Microsoft.DocumentDB/databaseAccounts/chat-app-account)" waiting on "provider.azurerm"
2019/08/26 20:10:09 [TRACE] dag/walk: added edge: "azurerm_cosmosdb_account.messages-db" waiting on "provider.azurerm"
2019/08/26 20:10:09 [TRACE] dag/walk: added edge: "azurerm_servicebus_namespace.chat-app" waiting on "provider.azurerm"
2019/08/26 20:10:09 [TRACE] dag/walk: added edge: "provider.azurerm (close)" waiting on "azurerm_servicebus_subscription.chat-app"
2019/08/26 20:10:09 [TRACE] dag/walk: dependencies changed for "azurerm_servicebus_subscription.chat-app", sending new deps
2019/08/26 20:10:09 [TRACE] dag/walk: dependencies changed for "azurerm_sql_database.chat-app", sending new deps
2019/08/26 20:10:09 [TRACE] dag/walk: dependencies changed for "azurerm_cosmosdb_account.messages-db (import id: /subscriptions/82335853-1dbc-430e-92ef-855115d734f3/resourceGroups/chat-app/providers/Microsoft.DocumentDB/databaseAccounts/chat-app-account)", sending new deps
2019/08/26 20:10:09 [TRACE] dag/walk: dependencies changed for "azurerm_cosmosdb_account.messages-db", sending new deps
2019/08/26 20:10:09 [TRACE] dag/walk: dependencies changed for "azurerm_servicebus_namespace.chat-app", sending new deps
2019/08/26 20:10:09 [TRACE] dag/walk: dependencies changed for "azurerm_virtual_network.chat-app", sending new deps
2019/08/26 20:10:09 [TRACE] dag/walk: dependencies changed for "provider.azurerm (close)", sending new deps
2019/08/26 20:10:09 [TRACE] dag/walk: dependencies changed for "azurerm_servicebus_topic.chat-app", sending new deps
2019/08/26 20:10:09 [TRACE] dag/walk: dependencies changed for "azurerm_resource_group.chat-app", sending new deps
2019/08/26 20:10:09 [TRACE] dag/walk: dependencies changed for "azurerm_sql_server.chat-app", sending new deps
2019/08/26 20:10:09 [TRACE] dag/walk: dependencies changed for "azurerm_container_registry.acr", sending new deps
2019/08/26 20:10:09 [TRACE] dag/walk: dependencies changed for "azurerm_service_fabric_cluster.chat-app", sending new deps
2019/08/26 20:10:09 [TRACE] dag/walk: walking "provider.azurerm"
2019/08/26 20:10:09 [TRACE] vertex 'root.provider.azurerm': walking
2019/08/26 20:10:09 [TRACE] vertex 'root.provider.azurerm': evaluating
2019/08/26 20:10:09 [TRACE] [walkImport] Entering eval tree: provider.azurerm
2019/08/26 20:10:09 [TRACE] root: eval: *terraform.EvalSequence
2019/08/26 20:10:09 [TRACE] root: eval: *terraform.EvalInitProvider
2019-08-26T20:10:09.918+0300 [DEBUG] plugin: starting plugin: path=/home/victor/Projects/C#/simple-chat-app/infra/.terraform/plugins/linux_amd64/terraform-provider-azurerm_v1.33.0_x4 args=[/home/victor/Projects/C#/simple-chat-app/infra/.terraform/plugins/linux_amd64/terraform-provider-azurerm_v1.33.0_x4]
2019-08-26T20:10:09.918+0300 [DEBUG] plugin: waiting for RPC address: path=/home/victor/Projects/C#/simple-chat-app/infra/.terraform/plugins/linux_amd64/terraform-provider-azurerm_v1.33.0_x4
2019-08-26T20:10:09.934+0300 [DEBUG] plugin.terraform-provider-azurerm_v1.33.0_x4: plugin address: timestamp=2019-08-26T20:10:09.934+0300 address=/tmp/plugin619628085 network=unix
2019/08/26 20:10:09 [TRACE] root: eval: *terraform.EvalOpFilter
2019/08/26 20:10:09 [TRACE] root: eval: *terraform.EvalSequence
2019/08/26 20:10:09 [TRACE] root: eval: *terraform.EvalGetProvider
2019/08/26 20:10:09 [TRACE] root: eval: *terraform.EvalInterpolateProvider
2019/08/26 20:10:09 [TRACE] root: eval: *terraform.EvalBuildProviderConfig
2019/08/26 20:10:09 [TRACE] root: eval: *terraform.EvalInputProvider
2019/08/26 20:10:09 [TRACE] root: eval: terraform.EvalNoop
2019/08/26 20:10:09 [TRACE] root: eval: *terraform.EvalOpFilter
2019/08/26 20:10:09 [TRACE] root: eval: *terraform.EvalSequence
2019/08/26 20:10:09 [TRACE] root: eval: *terraform.EvalGetProvider
2019/08/26 20:10:09 [TRACE] root: eval: *terraform.EvalInterpolateProvider
2019/08/26 20:10:09 [TRACE] root: eval: *terraform.EvalBuildProviderConfig
2019/08/26 20:10:09 [TRACE] root: eval: *terraform.EvalOpFilter
2019/08/26 20:10:09 [TRACE] root: eval: *terraform.EvalSequence
2019/08/26 20:10:09 [TRACE] root: eval: *terraform.EvalConfigProvider
2019-08-26T20:10:09.944+0300 [DEBUG] plugin.terraform-provider-azurerm_v1.33.0_x4: Testing if Service Principal / Client Certificate is applicable for Authentication..
2019-08-26T20:10:09.944+0300 [DEBUG] plugin.terraform-provider-azurerm_v1.33.0_x4: Testing if Service Principal / Client Secret is applicable for Authentication..
2019-08-26T20:10:09.944+0300 [DEBUG] plugin.terraform-provider-azurerm_v1.33.0_x4: Testing if Managed Service Identity is applicable for Authentication..
2019-08-26T20:10:09.944+0300 [DEBUG] plugin.terraform-provider-azurerm_v1.33.0_x4: Testing if Obtaining a token from the Azure CLI is applicable for Authentication..
2019-08-26T20:10:09.944+0300 [DEBUG] plugin.terraform-provider-azurerm_v1.33.0_x4: Using Obtaining a token from the Azure CLI for Authentication
2019-08-26T20:10:09.944+0300 [DEBUG] plugin.terraform-provider-azurerm_v1.33.0_x4: [DEBUG] Resource "https://management.core.windows.net/" isn't for the correct Tenant
2019-08-26T20:10:11.342+0300 [DEBUG] plugin.terraform-provider-azurerm_v1.33.0_x4: [DEBUG] Genereated Provider Correlation Request Id: c1ee7259-647d-970d-f792-9b409eb76222
2019-08-26T20:10:11.343+0300 [DEBUG] plugin.terraform-provider-azurerm_v1.33.0_x4: [DEBUG] AzureRM Client User Agent: Go/go1.12.6 (amd64-linux) go-autorest/v12.2.0 Azure-SDK-For-Go/v31.1.0 storage/2019-04-01 Terraform/0.12.6 terraform-provider-azurerm/1.33.0
2019-08-26T20:10:11.343+0300 [DEBUG] plugin.terraform-provider-azurerm_v1.33.0_x4: [DEBUG] AzureRM Client User Agent: Go/go1.12.6 (amd64-linux) go-autorest/v12.2.0 Azure-SDK-For-Go/v31.1.0 storage/2019-04-01 Terraform/0.12.6 terraform-provider-azurerm/1.33.0
2019-08-26T20:10:11.343+0300 [DEBUG] plugin.terraform-provider-azurerm_v1.33.0_x4: [DEBUG] AzureRM Request:
2019-08-26T20:10:11.343+0300 [DEBUG] plugin.terraform-provider-azurerm_v1.33.0_x4: GET /subscriptions/82335853-1dbc-430e-92ef-855115d734f3/providers?api-version=2016-02-01 HTTP/1.1
2019-08-26T20:10:11.343+0300 [DEBUG] plugin.terraform-provider-azurerm_v1.33.0_x4: Host: management.azure.com
2019-08-26T20:10:11.343+0300 [DEBUG] plugin.terraform-provider-azurerm_v1.33.0_x4: User-Agent: Go/go1.12.6 (amd64-linux) go-autorest/v12.2.0 Azure-SDK-For-Go/v31.1.0 resources/2016-02-01
2019-08-26T20:10:11.343+0300 [DEBUG] plugin.terraform-provider-azurerm_v1.33.0_x4: X-Ms-Correlation-Request-Id: c1ee7259-647d-970d-f792-9b409eb76222
2019-08-26T20:10:11.343+0300 [DEBUG] plugin.terraform-provider-azurerm_v1.33.0_x4: Accept-Encoding: gzip
2019-08-26T20:10:11.343+0300 [DEBUG] plugin.terraform-provider-azurerm_v1.33.0_x4: 
2019-08-26T20:10:11.343+0300 [DEBUG] plugin.terraform-provider-azurerm_v1.33.0_x4: 
2019-08-26T20:10:12.591+0300 [DEBUG] plugin.terraform-provider-azurerm_v1.33.0_x4: [DEBUG] AzureRM Response for https://management.azure.com/subscriptions/82335853-1dbc-430e-92ef-855115d734f3/providers?api-version=2016-02-01:
2019-08-26T20:10:12.591+0300 [DEBUG] plugin.terraform-provider-azurerm_v1.33.0_x4: HTTP/2.0 200 OK
2019-08-26T20:10:12.591+0300 [DEBUG] plugin.terraform-provider-azurerm_v1.33.0_x4: Cache-Control: no-cache
2019-08-26T20:10:12.591+0300 [DEBUG] plugin.terraform-provider-azurerm_v1.33.0_x4: Content-Type: application/json; charset=utf-8
2019-08-26T20:10:12.591+0300 [DEBUG] plugin.terraform-provider-azurerm_v1.33.0_x4: Date: Mon, 26 Aug 2019 17:10:12 GMT
2019-08-26T20:10:12.591+0300 [DEBUG] plugin.terraform-provider-azurerm_v1.33.0_x4: Expires: -1
2019-08-26T20:10:12.591+0300 [DEBUG] plugin.terraform-provider-azurerm_v1.33.0_x4: Pragma: no-cache
2019-08-26T20:10:12.591+0300 [DEBUG] plugin.terraform-provider-azurerm_v1.33.0_x4: Strict-Transport-Security: max-age=31536000; includeSubDomains
2019-08-26T20:10:12.591+0300 [DEBUG] plugin.terraform-provider-azurerm_v1.33.0_x4: Vary: Accept-Encoding
2019-08-26T20:10:12.591+0300 [DEBUG] plugin.terraform-provider-azurerm_v1.33.0_x4: X-Content-Type-Options: nosniff
2019-08-26T20:10:12.591+0300 [DEBUG] plugin.terraform-provider-azurerm_v1.33.0_x4: X-Ms-Correlation-Request-Id: c1ee7259-647d-970d-f792-9b409eb76222
2019-08-26T20:10:12.591+0300 [DEBUG] plugin.terraform-provider-azurerm_v1.33.0_x4: X-Ms-Ratelimit-Remaining-Subscription-Reads: 11988
2019-08-26T20:10:12.591+0300 [DEBUG] plugin.terraform-provider-azurerm_v1.33.0_x4: X-Ms-Request-Id: 71962060-b2b7-43b4-9772-b2bb6a4d59c3
2019-08-26T20:10:12.591+0300 [DEBUG] plugin.terraform-provider-azurerm_v1.33.0_x4: X-Ms-Routing-Request-Id: FRANCESOUTH:20190826T171012Z:71962060-b2b7-43b4-9772-b2bb6a4d59c3
2019-08-26T20:10:12.592+0300 [DEBUG] plugin.terraform-provider-azurerm_v1.33.0_x4: 
2019-08-26T20:10:12.615+0300 [DEBUG] plugin.terraform-provider-azurerm_v1.33.0_x4: [DEBUG] Determining which Resource Providers require Registration
2019-08-26T20:10:12.615+0300 [DEBUG] plugin.terraform-provider-azurerm_v1.33.0_x4: [DEBUG] All required Resource Providers are registered
2019/08/26 20:10:12 [TRACE] [walkImport] Exiting eval tree: provider.azurerm
2019/08/26 20:10:12 [TRACE] dag/walk: walking "azurerm_sql_database.chat-app"
2019/08/26 20:10:12 [TRACE] vertex 'root.azurerm_sql_database.chat-app': walking
2019/08/26 20:10:12 [TRACE] dag/walk: walking "azurerm_service_fabric_cluster.chat-app"
2019/08/26 20:10:12 [TRACE] vertex 'root.azurerm_service_fabric_cluster.chat-app': walking
2019/08/26 20:10:12 [TRACE] dag/walk: walking "azurerm_resource_group.chat-app"
2019/08/26 20:10:12 [TRACE] vertex 'root.azurerm_resource_group.chat-app': walking
2019/08/26 20:10:12 [TRACE] dag/walk: walking "azurerm_cosmosdb_account.messages-db"
2019/08/26 20:10:12 [TRACE] vertex 'root.azurerm_cosmosdb_account.messages-db': walking
2019/08/26 20:10:12 [TRACE] dag/walk: walking "azurerm_servicebus_subscription.chat-app"
2019/08/26 20:10:12 [TRACE] vertex 'root.azurerm_servicebus_subscription.chat-app': walking
2019/08/26 20:10:12 [TRACE] dag/walk: walking "azurerm_servicebus_namespace.chat-app"
2019/08/26 20:10:12 [TRACE] vertex 'root.azurerm_servicebus_namespace.chat-app': walking
2019/08/26 20:10:12 [TRACE] dag/walk: walking "azurerm_servicebus_topic.chat-app"
2019/08/26 20:10:12 [TRACE] vertex 'root.azurerm_servicebus_topic.chat-app': walking
2019/08/26 20:10:12 [TRACE] dag/walk: walking "azurerm_sql_server.chat-app"
2019/08/26 20:10:12 [TRACE] vertex 'root.azurerm_sql_server.chat-app': walking
2019/08/26 20:10:12 [TRACE] dag/walk: walking "azurerm_cosmosdb_account.messages-db (import id: /subscriptions/82335853-1dbc-430e-92ef-855115d734f3/resourceGroups/chat-app/providers/Microsoft.DocumentDB/databaseAccounts/chat-app-account)"
2019/08/26 20:10:12 [TRACE] vertex 'root.azurerm_cosmosdb_account.messages-db (import id: /subscriptions/82335853-1dbc-430e-92ef-855115d734f3/resourceGroups/chat-app/providers/Microsoft.DocumentDB/databaseAccounts/chat-app-account)': walking
2019/08/26 20:10:12 [TRACE] vertex 'root.azurerm_cosmosdb_account.messages-db (import id: /subscriptions/82335853-1dbc-430e-92ef-855115d734f3/resourceGroups/chat-app/providers/Microsoft.DocumentDB/databaseAccounts/chat-app-account)': evaluating
2019/08/26 20:10:12 [TRACE] [walkImport] Entering eval tree: azurerm_cosmosdb_account.messages-db (import id: /subscriptions/82335853-1dbc-430e-92ef-855115d734f3/resourceGroups/chat-app/providers/Microsoft.DocumentDB/databaseAccounts/chat-app-account)
2019/08/26 20:10:12 [TRACE] root: eval: *terraform.EvalSequence
2019/08/26 20:10:12 [TRACE] root: eval: *terraform.EvalGetProvider
2019/08/26 20:10:12 [TRACE] root: eval: *terraform.EvalImportState
2019/08/26 20:10:12 [TRACE] dag/walk: walking "azurerm_container_registry.acr"
2019/08/26 20:10:12 [TRACE] vertex 'root.azurerm_container_registry.acr': walking
2019/08/26 20:10:12 [TRACE] dag/walk: walking "azurerm_virtual_network.chat-app"
2019/08/26 20:10:12 [TRACE] vertex 'root.azurerm_virtual_network.chat-app': walking
2019/08/26 20:10:12 [TRACE] [walkImport] Exiting eval tree: azurerm_cosmosdb_account.messages-db (import id: /subscriptions/82335853-1dbc-430e-92ef-855115d734f3/resourceGroups/chat-app/providers/Microsoft.DocumentDB/databaseAccounts/chat-app-account)
2019/08/26 20:10:12 [TRACE] vertex 'root.azurerm_cosmosdb_account.messages-db (import id: /subscriptions/82335853-1dbc-430e-92ef-855115d734f3/resourceGroups/chat-app/providers/Microsoft.DocumentDB/databaseAccounts/chat-app-account)': expanding/walking dynamic subgraph
2019/08/26 20:10:12 [TRACE] dag/walk: added new vertex: "import azurerm_cosmosdb_account.messages-db result: /subscriptions/82335853-1dbc-430e-92ef-855115d734f3/resourceGroups/chat-app/providers/Microsoft.DocumentDB/databaseAccounts/chat-app-account"
2019/08/26 20:10:12 [TRACE] dag/walk: walking "import azurerm_cosmosdb_account.messages-db result: /subscriptions/82335853-1dbc-430e-92ef-855115d734f3/resourceGroups/chat-app/providers/Microsoft.DocumentDB/databaseAccounts/chat-app-account"
2019/08/26 20:10:12 [TRACE] vertex 'root.import azurerm_cosmosdb_account.messages-db result: /subscriptions/82335853-1dbc-430e-92ef-855115d734f3/resourceGroups/chat-app/providers/Microsoft.DocumentDB/databaseAccounts/chat-app-account': walking
2019/08/26 20:10:12 [TRACE] vertex 'root.import azurerm_cosmosdb_account.messages-db result: /subscriptions/82335853-1dbc-430e-92ef-855115d734f3/resourceGroups/chat-app/providers/Microsoft.DocumentDB/databaseAccounts/chat-app-account': evaluating
2019/08/26 20:10:12 [TRACE] [walkImport] Entering eval tree: import azurerm_cosmosdb_account.messages-db result: /subscriptions/82335853-1dbc-430e-92ef-855115d734f3/resourceGroups/chat-app/providers/Microsoft.DocumentDB/databaseAccounts/chat-app-account
2019/08/26 20:10:12 [TRACE] root: eval: *terraform.EvalSequence
2019/08/26 20:10:12 [TRACE] root: eval: *terraform.EvalGetProvider
2019/08/26 20:10:12 [TRACE] root: eval: *terraform.EvalRefresh
2019-08-26T20:10:12.617+0300 [DEBUG] plugin.terraform-provider-azurerm_v1.33.0_x4: [DEBUG] AzureRM Request:
2019-08-26T20:10:12.617+0300 [DEBUG] plugin.terraform-provider-azurerm_v1.33.0_x4: GET /subscriptions/82335853-1dbc-430e-92ef-855115d734f3/resourceGroups/chat-app/providers/Microsoft.DocumentDB/databaseAccounts/chat-app-account?api-version=2015-04-08 HTTP/1.1
2019-08-26T20:10:12.617+0300 [DEBUG] plugin.terraform-provider-azurerm_v1.33.0_x4: Host: management.azure.com
2019-08-26T20:10:12.617+0300 [DEBUG] plugin.terraform-provider-azurerm_v1.33.0_x4: User-Agent: Go/go1.12.6 (amd64-linux) go-autorest/v12.2.0 Azure-SDK-For-Go/v31.1.0 documentdb/2015-04-08
2019-08-26T20:10:12.617+0300 [DEBUG] plugin.terraform-provider-azurerm_v1.33.0_x4: X-Ms-Correlation-Request-Id: c1ee7259-647d-970d-f792-9b409eb76222
2019-08-26T20:10:12.617+0300 [DEBUG] plugin.terraform-provider-azurerm_v1.33.0_x4: Accept-Encoding: gzip
2019-08-26T20:10:12.617+0300 [DEBUG] plugin.terraform-provider-azurerm_v1.33.0_x4: 
2019-08-26T20:10:12.617+0300 [DEBUG] plugin.terraform-provider-azurerm_v1.33.0_x4: 
2019-08-26T20:10:13.004+0300 [DEBUG] plugin.terraform-provider-azurerm_v1.33.0_x4: [DEBUG] AzureRM Response for https://management.azure.com/subscriptions/82335853-1dbc-430e-92ef-855115d734f3/resourceGroups/chat-app/providers/Microsoft.DocumentDB/databaseAccounts/chat-app-account?api-version=2015-04-08:
2019-08-26T20:10:13.004+0300 [DEBUG] plugin.terraform-provider-azurerm_v1.33.0_x4: HTTP/2.0 200 OK
2019-08-26T20:10:13.004+0300 [DEBUG] plugin.terraform-provider-azurerm_v1.33.0_x4: Cache-Control: no-store, no-cache
2019-08-26T20:10:13.004+0300 [DEBUG] plugin.terraform-provider-azurerm_v1.33.0_x4: Content-Location: https://management.documents.azure.com:450/subscriptions/82335853-1dbc-430e-92ef-855115d734f3/resourceGroups/chat-app/providers/Microsoft.DocumentDB/databaseAccounts/chat-app-account?api-version=2015-04-08
2019-08-26T20:10:13.004+0300 [DEBUG] plugin.terraform-provider-azurerm_v1.33.0_x4: Content-Type: application/json
2019-08-26T20:10:13.004+0300 [DEBUG] plugin.terraform-provider-azurerm_v1.33.0_x4: Date: Mon, 26 Aug 2019 17:10:12 GMT
2019-08-26T20:10:13.004+0300 [DEBUG] plugin.terraform-provider-azurerm_v1.33.0_x4: Pragma: no-cache
2019-08-26T20:10:13.004+0300 [DEBUG] plugin.terraform-provider-azurerm_v1.33.0_x4: Server: Microsoft-HTTPAPI/2.0
2019-08-26T20:10:13.004+0300 [DEBUG] plugin.terraform-provider-azurerm_v1.33.0_x4: Strict-Transport-Security: max-age=31536000; includeSubDomains
2019-08-26T20:10:13.004+0300 [DEBUG] plugin.terraform-provider-azurerm_v1.33.0_x4: Vary: Accept-Encoding
2019-08-26T20:10:13.004+0300 [DEBUG] plugin.terraform-provider-azurerm_v1.33.0_x4: X-Content-Type-Options: nosniff
2019-08-26T20:10:13.004+0300 [DEBUG] plugin.terraform-provider-azurerm_v1.33.0_x4: X-Ms-Correlation-Request-Id: c1ee7259-647d-970d-f792-9b409eb76222
2019-08-26T20:10:13.004+0300 [DEBUG] plugin.terraform-provider-azurerm_v1.33.0_x4: X-Ms-Gatewayversion: version=2.5.1
2019-08-26T20:10:13.004+0300 [DEBUG] plugin.terraform-provider-azurerm_v1.33.0_x4: X-Ms-Ratelimit-Remaining-Subscription-Reads: 11983
2019-08-26T20:10:13.004+0300 [DEBUG] plugin.terraform-provider-azurerm_v1.33.0_x4: X-Ms-Request-Id: ac2506bd-efbe-4c44-b7b2-d450000daa90
2019-08-26T20:10:13.004+0300 [DEBUG] plugin.terraform-provider-azurerm_v1.33.0_x4: X-Ms-Routing-Request-Id: FRANCESOUTH:20190826T171013Z:ac2506bd-efbe-4c44-b7b2-d450000daa90
2019-08-26T20:10:13.004+0300 [DEBUG] plugin.terraform-provider-azurerm_v1.33.0_x4: 
2019-08-26T20:10:13.007+0300 [DEBUG] plugin.terraform-provider-azurerm_v1.33.0_x4: panic: runtime error: invalid memory address or nil pointer dereference
2019-08-26T20:10:13.007+0300 [DEBUG] plugin.terraform-provider-azurerm_v1.33.0_x4: [signal SIGSEGV: segmentation violation code=0x1 addr=0x0 pc=0x2a734c5]
2019-08-26T20:10:13.007+0300 [DEBUG] plugin.terraform-provider-azurerm_v1.33.0_x4: 
2019-08-26T20:10:13.007+0300 [DEBUG] plugin.terraform-provider-azurerm_v1.33.0_x4: goroutine 83 [running]:
2019-08-26T20:10:13.008+0300 [DEBUG] plugin.terraform-provider-azurerm_v1.33.0_x4: github.com/terraform-providers/terraform-provider-azurerm/azurerm.flattenAzureRmCosmosDBAccountGeoLocations(0xc0002704d0, 0xc0002a3710, 0xc00083e0e0, 0x7, 0xc000270150, 0xc0008b0600, 0xc0008b00d0, 0xc0008b00f0, 0xc0008b00e0, 0xc00069e150, ...)
2019-08-26T20:10:13.008+0300 [DEBUG] plugin.terraform-provider-azurerm_v1.33.0_x4: 	/opt/teamcity-agent/work/5d79fe75d4460a2f/src/github.com/terraform-providers/terraform-provider-azurerm/azurerm/resource_arm_cosmosdb_account.go:1001 +0x2a5
2019-08-26T20:10:13.008+0300 [DEBUG] plugin.terraform-provider-azurerm_v1.33.0_x4: github.com/terraform-providers/terraform-provider-azurerm/azurerm.resourceArmCosmosDbAccountRead(0xc0002704d0, 0x31c2680, 0xc0000dc500, 0xc0002704d0, 0x0)
2019-08-26T20:10:13.008+0300 [DEBUG] plugin.terraform-provider-azurerm_v1.33.0_x4: 	/opt/teamcity-agent/work/5d79fe75d4460a2f/src/github.com/terraform-providers/terraform-provider-azurerm/azurerm/resource_arm_cosmosdb_account.go:621 +0x202e
2019-08-26T20:10:13.008+0300 [DEBUG] plugin.terraform-provider-azurerm_v1.33.0_x4: github.com/terraform-providers/terraform-provider-azurerm/vendor/github.com/hashicorp/terraform/helper/schema.(*Resource).Refresh(0xc000370e80, 0xc0005ae190, 0x31c2680, 0xc0000dc500, 0xc00066c930, 0xffffff01, 0xc0007bfbf8)
2019-08-26T20:10:13.008+0300 [DEBUG] plugin.terraform-provider-azurerm_v1.33.0_x4: 	/opt/teamcity-agent/work/5d79fe75d4460a2f/src/github.com/terraform-providers/terraform-provider-azurerm/vendor/github.com/hashicorp/terraform/helper/schema/resource.go:493 +0x16f
2019-08-26T20:10:13.008+0300 [DEBUG] plugin.terraform-provider-azurerm_v1.33.0_x4: github.com/terraform-providers/terraform-provider-azurerm/vendor/github.com/hashicorp/terraform/helper/schema.(*Provider).Refresh(0xc000666480, 0xc0005ae140, 0xc0005ae190, 0xc00021d530, 0xc000501180, 0xc0006bc000)
2019-08-26T20:10:13.008+0300 [DEBUG] plugin.terraform-provider-azurerm_v1.33.0_x4: 	/opt/teamcity-agent/work/5d79fe75d4460a2f/src/github.com/terraform-providers/terraform-provider-azurerm/vendor/github.com/hashicorp/terraform/helper/schema/provider.go:324 +0x17f
2019-08-26T20:10:13.008+0300 [DEBUG] plugin.terraform-provider-azurerm_v1.33.0_x4: github.com/terraform-providers/terraform-provider-azurerm/vendor/github.com/hashicorp/terraform/plugin.(*ResourceProviderServer).Refresh(0xc00000dd80, 0xc0008e0540, 0xc0008e0790, 0x0, 0x0)
2019-08-26T20:10:13.008+0300 [DEBUG] plugin.terraform-provider-azurerm_v1.33.0_x4: 	/opt/teamcity-agent/work/5d79fe75d4460a2f/src/github.com/terraform-providers/terraform-provider-azurerm/vendor/github.com/hashicorp/terraform/plugin/resource_provider.go:552 +0x4e
2019-08-26T20:10:13.009+0300 [DEBUG] plugin.terraform-provider-azurerm_v1.33.0_x4: reflect.Value.call(0xc000134ea0, 0xc00000f380, 0x13, 0x357791b, 0x4, 0xc0007bff18, 0x3, 0x3, 0xc000452dc0, 0x0, ...)
2019-08-26T20:10:13.009+0300 [DEBUG] plugin.terraform-provider-azurerm_v1.33.0_x4: 	/opt/goenv/versions/1.12.6/src/reflect/value.go:447 +0x461
2019-08-26T20:10:13.009+0300 [DEBUG] plugin.terraform-provider-azurerm_v1.33.0_x4: reflect.Value.Call(0xc000134ea0, 0xc00000f380, 0x13, 0xc0004e3f18, 0x3, 0x3, 0x0, 0x0, 0x0)
2019-08-26T20:10:13.009+0300 [DEBUG] plugin.terraform-provider-azurerm_v1.33.0_x4: 	/opt/goenv/versions/1.12.6/src/reflect/value.go:308 +0xa4
2019-08-26T20:10:13.009+0300 [DEBUG] plugin.terraform-provider-azurerm_v1.33.0_x4: net/rpc.(*service).call(0xc000079b80, 0xc00055c6e0, 0xc00046a2e8, 0xc00046a3e0, 0xc000666580, 0xc00013bac0, 0x2f6f400, 0xc0008e0540, 0x16, 0x2f6f440, ...)
2019-08-26T20:10:13.009+0300 [DEBUG] plugin.terraform-provider-azurerm_v1.33.0_x4: 	/opt/goenv/versions/1.12.6/src/net/rpc/server.go:384 +0x14e
2019-08-26T20:10:13.009+0300 [DEBUG] plugin.terraform-provider-azurerm_v1.33.0_x4: created by net/rpc.(*Server).ServeCodec
2019-08-26T20:10:13.009+0300 [DEBUG] plugin.terraform-provider-azurerm_v1.33.0_x4: 	/opt/goenv/versions/1.12.6/src/net/rpc/server.go:481 +0x42b
2019/08/26 20:10:13 [ERROR] root: eval: *terraform.EvalRefresh, err: azurerm_cosmosdb_account.messages-db: unexpected EOF
2019/08/26 20:10:13 [ERROR] root: eval: *terraform.EvalSequence, err: azurerm_cosmosdb_account.messages-db: unexpected EOF
2019-08-26T20:10:13.013+0300 [DEBUG] plugin: plugin process exited: path=/home/victor/Projects/C#/simple-chat-app/infra/.terraform/plugins/linux_amd64/terraform-provider-azurerm_v1.33.0_x4
2019/08/26 20:10:13 [TRACE] [walkImport] Exiting eval tree: import azurerm_cosmosdb_account.messages-db result: /subscriptions/82335853-1dbc-430e-92ef-855115d734f3/resourceGroups/chat-app/providers/Microsoft.DocumentDB/databaseAccounts/chat-app-account
2019/08/26 20:10:13 [TRACE] dag/walk: upstream errored, not walking "provider.azurerm (close)"
2019/08/26 20:10:13 [DEBUG] plugin: waiting for all plugin processes to complete...
2019-08-26T20:10:13.014+0300 [WARN ] plugin: error closing client during Kill: err="connection is shut down"
